<?xml version="1.0" encoding="UTF-8"?>
<testsuite xmlns:xsi="http://www.w3.org/2001/XMLSchema-instance" xsi:noNamespaceSchemaLocation="https://maven.apache.org/surefire/maven-surefire-plugin/xsd/surefire-test-report.xsd" name="com.swatantra.donation.service.DonationServiceImplTest" time="4.6" tests="3" errors="0" skipped="0" failures="0">
  <properties>
[...]
</properties>
  <testcase name="addDonationTest" classname="com.swatantra.donation.service.DonationServiceImplTest" time="0.063"/>
  <testcase name="findDonationsByDonorIdTest" classname="com.swatantra.donation.service.DonationServiceImplTest" time="0.173"/>
  <testcase name="findDonationsByDonorIdNoResultTest" classname="com.swatantra.donation.service.DonationServiceImplTest" time="0.004"/>
</testsuite>